<?xml version="1.0" encoding="UTF-8"?>
<testsuite xmlns:xsi="http://www.w3.org/2001/XMLSchema-instance" xsi:schemaLocation="https://maven.apache.org/surefire/maven-surefire-plugin/xsd/surefire-test-report.xsd" name="TestSuite" time="12.823" tests="8" errors="0" skipped="0" failures="0">
  <properties>
[...]
</properties>
  <testcase name="runScenario" classname="cucumber.Options.TestNgRunner" time="5.098"/>
  <testcase name="runScenario" classname="cucumber.Options.TestNgRunner" time="0.616"/>
  <testcase name="runScenario" classname="cucumber.Options.TestNgRunner" time="0.832"/>
  <testcase name="runScenario" classname="cucumber.Options.TestNgRunner" time="0.494"/>
  <testcase name="runScenario" classname="cucumber.Options.TestNgRunner" time="0.414"/>
  <testcase name="runScenario" classname="cucumber.Options.TestNgRunner" time="0.314"/>
  <testcase name="runScenario" classname="cucumber.Options.TestNgRunner" time="0.292"/>
  <testcase name="runScenario" classname="cucumber.Options.TestNgRunner" time="0.6"/>
</testsuite>