<?xml version="1.0" encoding="UTF-8"?>
<testng-results ignored="0" total="8" passed="8" failed="0" skipped="0">
  <reporter-output>
  </reporter-output>
  <suite started-at="2024-07-23T20:02:10 IST" name="Suite" finished-at="2024-07-23T20:02:22 IST" duration-ms="12088">
    <groups>
      <group name="cucumber">
        <method signature="AbstractTestNGCucumberTests.runScenario(io.cucumber.testng.PickleWrapper,io.cucumber.testng.FeatureWrapper)[pri:0, instance:cucumber.Options.TestNgRunner@4a94ee4]" name="runScenario" class="io.cucumber.testng.AbstractTestNGCucumberTests"/>
      </group> <!-- cucumber -->
    </groups>
    <test started-at="2024-07-23T20:02:10 IST" name="Test" finished-at="2024-07-23T20:02:22 IST" duration-ms="12088">
      <class name="cucumber.Options.TestNgRunner">
        <test-method is-config="true" signature="setUpClass()[pri:0, instance:cucumber.Options.TestNgRunner@4a94ee4]" started-at="2024-07-23T20:02:10 IST" name="setUpClass" finished-at="2024-07-23T20:02:11 IST" duration-ms="999" status="PASS">
          <reporter-output>
          </reporter-output>
        </test-method> <!-- setUpClass -->
        <test-method signature="runScenario(io.cucumber.testng.PickleWrapper,io.cucumber.testng.FeatureWrapper)[pri:0, instance:cucumber.Options.TestNgRunner@4a94ee4]" started-at="2024-07-23T20:02:11 IST" name="runScenario" description="Runs Cucumber Scenarios" data-provider="scenarios" finished-at="2024-07-23T20:02:16 IST" duration-ms="5096" status="PASS">
          <params>
            <param index="0">
              <value>
                <![CDATA["1.Verify Login functionality of ABHI is working"]]>
              </value>
            </param>
            <param index="1">
              <value>
                <![CDATA["Optional[Validating ABHI]"]]>
              </value>
            </param>
          </params>
          <reporter-output>
          </reporter-output>
        </test-method> <!-- runScenario -->
        <test-method signature="runScenario(io.cucumber.testng.PickleWrapper,io.cucumber.testng.FeatureWrapper)[pri:0, instance:cucumber.Options.TestNgRunner@4a94ee4]" started-at="2024-07-23T20:02:16 IST" name="runScenario" description="Runs Cucumber Scenarios" data-provider="scenarios" finished-at="2024-07-23T20:02:17 IST" duration-ms="615" status="PASS">
          <params>
            <param index="0">
              <value>
                <![CDATA["2.Verify get Products for Agency is working"]]>
              </value>
            </param>
            <param index="1">
              <value>
                <![CDATA["Optional[Validating ABHI]"]]>
              </value>
            </param>
          </params>
          <reporter-output>
          </reporter-output>
        </test-method> <!-- runScenario -->
        <test-method signature="runScenario(io.cucumber.testng.PickleWrapper,io.cucumber.testng.FeatureWrapper)[pri:0, instance:cucumber.Options.TestNgRunner@4a94ee4]" started-at="2024-07-23T20:02:17 IST" name="runScenario" description="Runs Cucumber Scenarios" data-provider="scenarios" finished-at="2024-07-23T20:02:18 IST" duration-ms="832" status="PASS">
          <params>
            <param index="0">
              <value>
                <![CDATA["3.Verify Get Product List For Agency"]]>
              </value>
            </param>
            <param index="1">
              <value>
                <![CDATA["Optional[Validating ABHI]"]]>
              </value>
            </param>
          </params>
          <reporter-output>
          </reporter-output>
        </test-method> <!-- runScenario -->
        <test-method signature="runScenario(io.cucumber.testng.PickleWrapper,io.cucumber.testng.FeatureWrapper)[pri:0, instance:cucumber.Options.TestNgRunner@4a94ee4]" started-at="2024-07-23T20:02:18 IST" name="runScenario" description="Runs Cucumber Scenarios" data-provider="scenarios" finished-at="2024-07-23T20:02:18 IST" duration-ms="495" status="PASS">
          <params>
            <param index="0">
              <value>
                <![CDATA["4.Verify Get Form Config For a Product"]]>
              </value>
            </param>
            <param index="1">
              <value>
                <![CDATA["Optional[Validating ABHI]"]]>
              </value>
            </param>
          </params>
          <reporter-output>
          </reporter-output>
        </test-method> <!-- runScenario -->
        <test-method signature="runScenario(io.cucumber.testng.PickleWrapper,io.cucumber.testng.FeatureWrapper)[pri:0, instance:cucumber.Options.TestNgRunner@4a94ee4]" started-at="2024-07-23T20:02:18 IST" name="runScenario" description="Runs Cucumber Scenarios" data-provider="scenarios" finished-at="2024-07-23T20:02:18 IST" duration-ms="414" status="PASS">
          <params>
            <param index="0">
              <value>
                <![CDATA["5.Verify Get Form From Form ID For a Product"]]>
              </value>
            </param>
            <param index="1">
              <value>
                <![CDATA["Optional[Validating ABHI]"]]>
              </value>
            </param>
          </params>
          <reporter-output>
          </reporter-output>
        </test-method> <!-- runScenario -->
        <test-method signature="runScenario(io.cucumber.testng.PickleWrapper,io.cucumber.testng.FeatureWrapper)[pri:0, instance:cucumber.Options.TestNgRunner@4a94ee4]" started-at="2024-07-23T20:02:18 IST" name="runScenario" description="Runs Cucumber Scenarios" data-provider="scenarios" finished-at="2024-07-23T20:02:19 IST" duration-ms="314" status="PASS">
          <params>
            <param index="0">
              <value>
                <![CDATA["6.verify Insert or Update Form Data For A Journey."]]>
              </value>
            </param>
            <param index="1">
              <value>
                <![CDATA["Optional[Validating ABHI]"]]>
              </value>
            </param>
          </params>
          <reporter-output>
          </reporter-output>
        </test-method> <!-- runScenario -->
        <test-method signature="runScenario(io.cucumber.testng.PickleWrapper,io.cucumber.testng.FeatureWrapper)[pri:0, instance:cucumber.Options.TestNgRunner@4a94ee4]" started-at="2024-07-23T20:02:19 IST" name="runScenario" description="Runs Cucumber Scenarios" data-provider="scenarios" finished-at="2024-07-23T20:02:19 IST" duration-ms="290" status="PASS">
          <params>
            <param index="0">
              <value>
                <![CDATA["7.TC_007_Verify get pincode details request."]]>
              </value>
            </param>
            <param index="1">
              <value>
                <![CDATA["Optional[Validating ABHI]"]]>
              </value>
            </param>
          </params>
          <reporter-output>
          </reporter-output>
        </test-method> <!-- runScenario -->
        <test-method signature="runScenario(io.cucumber.testng.PickleWrapper,io.cucumber.testng.FeatureWrapper)[pri:0, instance:cucumber.Options.TestNgRunner@4a94ee4]" started-at="2024-07-23T20:02:19 IST" name="runScenario" description="Runs Cucumber Scenarios" data-provider="scenarios" finished-at="2024-07-23T20:02:20 IST" duration-ms="601" status="PASS">
          <params>
            <param index="0">
              <value>
                <![CDATA["8.TC_008 verify post request for Insert Lead Details."]]>
              </value>
            </param>
            <param index="1">
              <value>
                <![CDATA["Optional[Validating ABHI]"]]>
              </value>
            </param>
          </params>
          <reporter-output>
          </reporter-output>
        </test-method> <!-- runScenario -->
        <test-method is-config="true" signature="tearDownClass()[pri:0, instance:cucumber.Options.TestNgRunner@4a94ee4]" started-at="2024-07-23T20:02:20 IST" name="tearDownClass" finished-at="2024-07-23T20:02:22 IST" duration-ms="2360" status="PASS">
          <reporter-output>
          </reporter-output>
        </test-method> <!-- tearDownClass -->
      </class> <!-- cucumber.Options.TestNgRunner -->
    </test> <!-- Test -->
  </suite> <!-- Suite -->
</testng-results>
