<?xml version="1.0" encoding="UTF-8"?>
<testng-results ignored="0" total="8" passed="8" failed="0" skipped="0">
  <reporter-output>
  </reporter-output>
  <suite started-at="2024-07-23T19:34:41 IST" name="Default suite" finished-at="2024-07-23T19:34:59 IST" duration-ms="17231">
    <groups>
      <group name="cucumber">
        <method signature="AbstractTestNGCucumberTests.runScenario(io.cucumber.testng.PickleWrapper,io.cucumber.testng.FeatureWrapper)[pri:0, instance:cucumber.Options.TestNgRunner@4e5ed836]" name="runScenario" class="io.cucumber.testng.AbstractTestNGCucumberTests"/>
      </group> <!-- cucumber -->
    </groups>
    <test started-at="2024-07-23T19:34:41 IST" name="Default test" finished-at="2024-07-23T19:34:59 IST" duration-ms="17231">
      <class name="cucumber.Options.TestNgRunner">
        <test-method is-config="true" signature="setUpClass()[pri:0, instance:cucumber.Options.TestNgRunner@4e5ed836]" started-at="2024-07-23T19:34:41 IST" name="setUpClass" finished-at="2024-07-23T19:34:43 IST" duration-ms="1645" status="PASS">
          <reporter-output>
          </reporter-output>
        </test-method> <!-- setUpClass -->
        <test-method signature="runScenario(io.cucumber.testng.PickleWrapper,io.cucumber.testng.FeatureWrapper)[pri:0, instance:cucumber.Options.TestNgRunner@4e5ed836]" started-at="2024-07-23T19:34:43 IST" name="runScenario" description="Runs Cucumber Scenarios" data-provider="scenarios" finished-at="2024-07-23T19:34:50 IST" duration-ms="7379" status="PASS">
          <params>
            <param index="0">
              <value>
                <![CDATA["1.Verify Login functionality of ABHI is working"]]>
              </value>
            </param>
            <param index="1">
              <value>
                <![CDATA["Optional[Validating ABHI]"]]>
              </value>
            </param>
          </params>
          <reporter-output>
          </reporter-output>
        </test-method> <!-- runScenario -->
        <test-method signature="runScenario(io.cucumber.testng.PickleWrapper,io.cucumber.testng.FeatureWrapper)[pri:0, instance:cucumber.Options.TestNgRunner@4e5ed836]" started-at="2024-07-23T19:34:50 IST" name="runScenario" description="Runs Cucumber Scenarios" data-provider="scenarios" finished-at="2024-07-23T19:34:51 IST" duration-ms="991" status="PASS">
          <params>
            <param index="0">
              <value>
                <![CDATA["2.Verify get Products for Agency is working"]]>
              </value>
            </param>
            <param index="1">
              <value>
                <![CDATA["Optional[Validating ABHI]"]]>
              </value>
            </param>
          </params>
          <reporter-output>
          </reporter-output>
        </test-method> <!-- runScenario -->
        <test-method signature="runScenario(io.cucumber.testng.PickleWrapper,io.cucumber.testng.FeatureWrapper)[pri:0, instance:cucumber.Options.TestNgRunner@4e5ed836]" started-at="2024-07-23T19:34:51 IST" name="runScenario" description="Runs Cucumber Scenarios" data-provider="scenarios" finished-at="2024-07-23T19:34:53 IST" duration-ms="1528" status="PASS">
          <params>
            <param index="0">
              <value>
                <![CDATA["3.Verify Get Product List For Agency"]]>
              </value>
            </param>
            <param index="1">
              <value>
                <![CDATA["Optional[Validating ABHI]"]]>
              </value>
            </param>
          </params>
          <reporter-output>
          </reporter-output>
        </test-method> <!-- runScenario -->
        <test-method signature="runScenario(io.cucumber.testng.PickleWrapper,io.cucumber.testng.FeatureWrapper)[pri:0, instance:cucumber.Options.TestNgRunner@4e5ed836]" started-at="2024-07-23T19:34:53 IST" name="runScenario" description="Runs Cucumber Scenarios" data-provider="scenarios" finished-at="2024-07-23T19:34:53 IST" duration-ms="543" status="PASS">
          <params>
            <param index="0">
              <value>
                <![CDATA["4.Verify Get Form Config For a Product"]]>
              </value>
            </param>
            <param index="1">
              <value>
                <![CDATA["Optional[Validating ABHI]"]]>
              </value>
            </param>
          </params>
          <reporter-output>
          </reporter-output>
        </test-method> <!-- runScenario -->
        <test-method signature="runScenario(io.cucumber.testng.PickleWrapper,io.cucumber.testng.FeatureWrapper)[pri:0, instance:cucumber.Options.TestNgRunner@4e5ed836]" started-at="2024-07-23T19:34:53 IST" name="runScenario" description="Runs Cucumber Scenarios" data-provider="scenarios" finished-at="2024-07-23T19:34:54 IST" duration-ms="620" status="PASS">
          <params>
            <param index="0">
              <value>
                <![CDATA["5.Verify Get Form From Form ID For a Product"]]>
              </value>
            </param>
            <param index="1">
              <value>
                <![CDATA["Optional[Validating ABHI]"]]>
              </value>
            </param>
          </params>
          <reporter-output>
          </reporter-output>
        </test-method> <!-- runScenario -->
        <test-method signature="runScenario(io.cucumber.testng.PickleWrapper,io.cucumber.testng.FeatureWrapper)[pri:0, instance:cucumber.Options.TestNgRunner@4e5ed836]" started-at="2024-07-23T19:34:54 IST" name="runScenario" description="Runs Cucumber Scenarios" data-provider="scenarios" finished-at="2024-07-23T19:34:55 IST" duration-ms="436" status="PASS">
          <params>
            <param index="0">
              <value>
                <![CDATA["6.verify Insert or Update Form Data For A Journey."]]>
              </value>
            </param>
            <param index="1">
              <value>
                <![CDATA["Optional[Validating ABHI]"]]>
              </value>
            </param>
          </params>
          <reporter-output>
          </reporter-output>
        </test-method> <!-- runScenario -->
        <test-method signature="runScenario(io.cucumber.testng.PickleWrapper,io.cucumber.testng.FeatureWrapper)[pri:0, instance:cucumber.Options.TestNgRunner@4e5ed836]" started-at="2024-07-23T19:34:55 IST" name="runScenario" description="Runs Cucumber Scenarios" data-provider="scenarios" finished-at="2024-07-23T19:34:55 IST" duration-ms="429" status="PASS">
          <params>
            <param index="0">
              <value>
                <![CDATA["7.TC_007_Verify get pincode details request."]]>
              </value>
            </param>
            <param index="1">
              <value>
                <![CDATA["Optional[Validating ABHI]"]]>
              </value>
            </param>
          </params>
          <reporter-output>
          </reporter-output>
        </test-method> <!-- runScenario -->
        <test-method signature="runScenario(io.cucumber.testng.PickleWrapper,io.cucumber.testng.FeatureWrapper)[pri:0, instance:cucumber.Options.TestNgRunner@4e5ed836]" started-at="2024-07-23T19:34:55 IST" name="runScenario" description="Runs Cucumber Scenarios" data-provider="scenarios" finished-at="2024-07-23T19:34:55 IST" duration-ms="489" status="PASS">
          <params>
            <param index="0">
              <value>
                <![CDATA["8.TC_008 verify post request for Insert Lead Details."]]>
              </value>
            </param>
            <param index="1">
              <value>
                <![CDATA["Optional[Validating ABHI]"]]>
              </value>
            </param>
          </params>
          <reporter-output>
          </reporter-output>
        </test-method> <!-- runScenario -->
        <test-method is-config="true" signature="tearDownClass()[pri:0, instance:cucumber.Options.TestNgRunner@4e5ed836]" started-at="2024-07-23T19:34:55 IST" name="tearDownClass" finished-at="2024-07-23T19:34:59 IST" duration-ms="3067" status="PASS">
          <reporter-output>
          </reporter-output>
        </test-method> <!-- tearDownClass -->
      </class> <!-- cucumber.Options.TestNgRunner -->
    </test> <!-- Default test -->
  </suite> <!-- Default suite -->
</testng-results>
